[2017-08-31T12:55:48+00:00] starting `/usr/local/heroku/bin/heroku update --autoupdate` from --help
[2018-10-16T11:17:34+00:00] starting `/usr/local/heroku/bin/heroku update --autoupdate` from create
[2018-10-16T11:17:35+00:00] heroku-cli: Updating CLI...
[2018-10-16T11:17:35+00:00] heroku-cli: Updating CLI from 6.14.4-d011db2 to 6.99.0-ec9edad... done
waiting until 2018-10-16T12:17:34.765Z to update
waiting until 2018-10-16T12:17:34.765Z to update
waiting until 2018-10-16T12:17:34.765Z to update
waiting until 2018-10-16T12:17:34.765Z to update
waiting until 2018-10-16T12:17:34.765Z to update
waiting until 2018-10-16T12:17:34.765Z to update
waiting until 2018-10-16T12:17:34.765Z to update
waiting until 2018-10-16T12:17:34.765Z to update
waiting until 2018-10-16T12:17:34.765Z to update
waiting until 2018-10-16T12:17:34.765Z to update
waiting until 2018-10-16T12:17:34.765Z to update
waiting until 2018-10-16T12:17:34.765Z to update
waiting until 2018-10-16T12:17:34.765Z to update
waiting until 2018-10-16T12:17:34.765Z to update
waiting until 2018-10-16T12:17:34.765Z to update
waiting until 2018-10-16T12:17:34.765Z to update
waiting until 2018-10-16T12:17:34.765Z to update
waiting until 2018-10-16T12:17:34.765Z to update
waiting until 2018-10-16T12:17:34.765Z to update
waiting until 2018-10-16T12:17:34.765Z to update
waiting until 2018-10-16T12:17:34.765Z to update
waiting until 2018-10-16T12:17:34.765Z to update
waiting until 2018-10-16T12:17:34.765Z to update
waiting until 2018-10-16T12:17:34.765Z to update
waiting until 2018-10-16T12:17:34.765Z to update
waiting until 2018-10-16T12:17:34.765Z to update
waiting until 2018-10-16T12:17:34.765Z to update
waiting until 2018-10-16T12:17:34.765Z to update
waiting until 2018-10-16T12:17:34.765Z to update
waiting until 2018-10-16T12:17:34.765Z to update
waiting until 2018-10-16T12:17:34.765Z to update
waiting until 2018-10-16T12:17:34.765Z to update
waiting until 2018-10-16T12:17:34.765Z to update
waiting until 2018-10-16T12:17:34.765Z to update
waiting until 2018-10-16T12:17:34.765Z to update
waiting until 2018-10-16T12:17:34.765Z to update
waiting until 2018-10-16T12:17:34.765Z to update
waiting until 2018-10-16T12:17:34.765Z to update
waiting until 2018-10-16T12:17:34.765Z to update
waiting until 2018-10-16T12:17:34.765Z to update
waiting until 2018-10-16T12:17:34.765Z to update
waiting until 2018-10-16T12:17:34.765Z to update
waiting until 2018-10-16T12:17:34.765Z to update
waiting until 2018-10-16T12:17:34.765Z to update
waiting until 2018-10-16T12:17:34.765Z to update
waiting until 2018-10-16T12:17:34.765Z to update
waiting until 2018-10-16T12:17:34.765Z to update
waiting until 2018-10-16T12:17:34.765Z to update
waiting until 2018-10-16T12:17:34.765Z to update
waiting until 2018-10-16T12:17:34.765Z to update
waiting until 2018-10-16T12:17:34.765Z to update
waiting until 2018-10-16T12:17:34.765Z to update
waiting until 2018-10-16T12:17:34.765Z to update
waiting until 2018-10-16T12:17:34.765Z to update
waiting until 2018-10-16T12:17:34.765Z to update
waiting until 2018-10-16T12:17:34.765Z to update
waiting until 2018-10-16T12:17:34.765Z to update
waiting until 2018-10-16T12:17:34.765Z to update
waiting until 2018-10-16T12:17:34.765Z to update
waiting until 2018-10-16T12:17:34.765Z to update
time to update
heroku-cli: Updating CLI...
heroku-cli: Updating CLI from 6.99.0-ec9edad to 7.17.0... done
heroku: Updating CLI... already on latest version: 7.17.0
Updating completions...
Updating completions... done
